<?xml version="1.0" encoding="UTF-8"?>
<!-- Generated by org.testng.reporters.JUnitXMLReporter -->
<testsuite hostname="DESKTOP-KU23G2B" ignored="0" name="Aroha Analatical Plateform App Test Cases" tests="2" failures="0" timestamp="08 Oct 2019 10:14:37 GMT" time="22.686" errors="0">
  <testcase name="WelcomePageLogoTest" time="1.112" classname="com.aap.qa.testcase.WelcomePageTest"/>
  <testcase name="WelcomePageTitleTest" time="0.008" classname="com.aap.qa.testcase.WelcomePageTest"/>
</testsuite> <!-- Aroha Analatical Plateform App Test Cases -->
