<?xml version="1.0" encoding="UTF-8"?>
<!-- Generated by org.testng.reporters.JUnitXMLReporter -->
<testsuite hostname="DESKTOP-KU23G2B" ignored="0" name="Aroha Analatical Plateform App Test Cases" tests="2" failures="0" timestamp="10 Oct 2019 05:22:49 GMT" time="34.821" errors="0">
  <testcase name="WelcomePageLogoTest" time="0.858" classname="com.aap.qa.testcase.WelcomePageTest"/>
  <testcase name="WelcomePageTitleTest" time="0.011" classname="com.aap.qa.testcase.WelcomePageTest"/>
</testsuite> <!-- Aroha Analatical Plateform App Test Cases -->
