<?xml version="1.0" encoding="UTF-8"?>
<testng-results skipped="0" failed="0" ignored="0" total="2" passed="2">
  <reporter-output>
  </reporter-output>
  <suite name="Aroha Analatical Plateform Application Automation Test Suite" duration-ms="34821" started-at="2019-10-10T05:22:14Z" finished-at="2019-10-10T05:22:49Z">
    <groups>
    </groups>
    <test name="Aroha Analatical Plateform App Test Cases" duration-ms="34821" started-at="2019-10-10T05:22:14Z" finished-at="2019-10-10T05:22:49Z">
      <class name="com.aap.qa.testcase.WelcomePageTest">
        <test-method status="PASS" signature="setUp()[pri:0, instance:com.aap.qa.testcase.WelcomePageTest@6f7fd0e6]" name="setUp" is-config="true" duration-ms="19358" started-at="2019-10-10T10:52:14Z" finished-at="2019-10-10T10:52:33Z">
          <reporter-output>
          </reporter-output>
        </test-method> <!-- setUp -->
        <test-method status="PASS" signature="WelcomePageLogoTest()[pri:0, instance:com.aap.qa.testcase.WelcomePageTest@6f7fd0e6]" name="WelcomePageLogoTest" duration-ms="858" started-at="2019-10-10T10:52:33Z" finished-at="2019-10-10T10:52:34Z">
          <reporter-output>
          </reporter-output>
        </test-method> <!-- WelcomePageLogoTest -->
        <test-method status="PASS" signature="tearDown()[pri:0, instance:com.aap.qa.testcase.WelcomePageTest@6f7fd0e6]" name="tearDown" is-config="true" duration-ms="680" started-at="2019-10-10T10:52:34Z" finished-at="2019-10-10T10:52:35Z">
          <reporter-output>
          </reporter-output>
        </test-method> <!-- tearDown -->
        <test-method status="PASS" signature="setUp()[pri:0, instance:com.aap.qa.testcase.WelcomePageTest@6f7fd0e6]" name="setUp" is-config="true" duration-ms="13252" started-at="2019-10-10T10:52:35Z" finished-at="2019-10-10T10:52:48Z">
          <reporter-output>
          </reporter-output>
        </test-method> <!-- setUp -->
        <test-method status="PASS" signature="WelcomePageTitleTest()[pri:0, instance:com.aap.qa.testcase.WelcomePageTest@6f7fd0e6]" name="WelcomePageTitleTest" duration-ms="11" started-at="2019-10-10T10:52:48Z" finished-at="2019-10-10T10:52:48Z">
          <reporter-output>
          </reporter-output>
        </test-method> <!-- WelcomePageTitleTest -->
        <test-method status="PASS" signature="tearDown()[pri:0, instance:com.aap.qa.testcase.WelcomePageTest@6f7fd0e6]" name="tearDown" is-config="true" duration-ms="636" started-at="2019-10-10T10:52:48Z" finished-at="2019-10-10T10:52:49Z">
          <reporter-output>
          </reporter-output>
        </test-method> <!-- tearDown -->
      </class> <!-- com.aap.qa.testcase.WelcomePageTest -->
    </test> <!-- Aroha Analatical Plateform App Test Cases -->
  </suite> <!-- Aroha Analatical Plateform Application Automation Test Suite -->
</testng-results>
